            --------------------------------------------------------
                             AMBER SQM VERSION 19
 
                                     By
              Ross C. Walker, Michael F. Crowley, Scott Brozell,
                         Tim Giese, Andreas W. Goetz,
                        Tai-Sung Lee and David A. Case
 
            --------------------------------------------------------
 

--------------------------------------------------------------------------------
  QM CALCULATION INFO
--------------------------------------------------------------------------------

| QMMM: Citation for AMBER QMMM Run:
| QMMM: R.C. Walker, M.F. Crowley and D.A. Case, J. COMP. CHEM. 29:1019, 2008

QMMM: SINGLET STATE CALCULATION
QMMM: RHF CALCULATION, NO. OF DOUBLY OCCUPIED LEVELS = 70

| QMMM: *** Selected Hamiltonian *** 
| QMMM: AM1         

| QMMM: *** Parameter sets in use ***
| QMMM: C : M.J.S.DEWAR et al. JACS, 107, 3902, (1985)
| QMMM: N : M.J.S.DEWAR et al. JACS, 107, 3902, (1985)
| QMMM: O : M.J.S.DEWAR et al. JACS, 107, 3902, (1985)
| QMMM: Cl: M.J.S.DEWAR et al. THEOCHEM, 180, 1, (1988)
| QMMM: H : M.J.S.DEWAR et al. JACS, 107, 3902, (1985)

| QMMM: *** SCF convergence criteria ***
| QMMM: Energy change                :  0.1D-09 kcal/mol
| QMMM: Error matrix |FP-PF|         :  0.1D+00 au
| QMMM: Density matrix change        :  0.5D-06
| QMMM: Maximum number of SCF cycles :     1000

| QMMM: *** Diagonalization Routine Information ***
| QMMM: Pseudo diagonalizations are allowed.
| QMMM: Auto diagonalization routine selection is in use.
| QMMM:
| QMMM: Timing diagonalization routines:
| QMMM:                              norbs =      129
| QMMM:    diag iterations used for timing =       10
| QMMM:
| QMMM:              Internal diag routine = 0.028239 seconds
| QMMM:                 Dspev diag routine = 0.029817 seconds
| QMMM:                Dspevd diag routine = 0.013293 seconds
| QMMM:                Dspevx diag routine = 0.097684 seconds
| QMMM:                 Dsyev diag routine = 0.028606 seconds
| QMMM:                Dsyevd diag routine = 0.016429 seconds
| QMMM:                Dsyevr diag routine = 0.020304 seconds
| QMMM:
| QMMM:                Pseudo diag routine = 0.013023 seconds
| QMMM:
| QMMM: Using dspevd routine (diag_routine=3).

  QMMM: QM Region Cartesian Coordinates (*=link atom) 
  QMMM: QM_NO.   MM_NO.  ATOM         X         Y         Z
  QMMM:     1        1      C        6.0620   -0.3700   25.9140
  QMMM:     2        2      C        6.7750    0.1070   24.8270
  QMMM:     3        3      C        8.2370   -0.2760   22.8140
  QMMM:     4        4      C        7.4080   -2.1460   24.2970
  QMMM:     5        5      C        9.0630    0.8500   22.8750
  QMMM:     6        6      C        8.6680   -1.2510   19.1490
  QMMM:     7        7      C       10.6900    2.5310   21.8360
  QMMM:     8        8      C        9.7410   -1.8770   18.5760
  QMMM:     9        9      C        9.6060   -2.5440   17.4050
  QMMM:    10       10      C        8.3810   -2.5780   16.7880
  QMMM:    11       11      C        7.4240   -1.3050   18.4990
  QMMM:    12       12      C        9.7730    1.3130   21.7120
  QMMM:    13       13      C       10.7600    3.5690   20.9020
  QMMM:    14       14      C       11.6370    4.6220   21.1050
  QMMM:    15       15      C       12.4450    4.6580   22.2200
  QMMM:    16       16      C       12.3890    3.6490   23.1500
  QMMM:    17       17      C       11.5190    2.5890   22.9640
  QMMM:    18       18      C        9.9070    3.6020   19.6330
  QMMM:    19       19      C        6.0200   -1.7220   26.1980
  QMMM:    20       20      C        7.4570   -0.7880   24.0210
  QMMM:    21       21      C        6.6920   -2.6130   25.3850
  QMMM:    22       22      C        8.1210   -0.9780   21.5220
  QMMM:    23       23      C        9.6660    0.6150   20.4680
  QMMM:    24       24      N        8.8160   -0.5340   20.4000
  QMMM:    25       25      N        7.3220   -1.9710   17.3390
  QMMM:    26       26      N        9.2840    3.6380   18.6900
  QMMM:    27       27      O        7.3200   -2.1020   21.4270
  QMMM:    28       28      Cl       5.2000    0.7750   26.9680
  QMMM:    29       29      Cl       6.6290   -4.3580   25.7300
  QMMM:    30       30      H        6.7980    1.1180   24.6200
  QMMM:    31       31      H        7.9080   -2.8120   23.6880
  QMMM:    32       32      H        9.1650    1.3570   23.7680
  QMMM:    33       33      H       10.6620   -1.8410   19.0400
  QMMM:    34       34      H       10.4160   -3.0220   16.9810
  QMMM:    35       35      H        8.2750   -3.0760   15.8910
  QMMM:    36       36      H        6.5990   -0.8390   18.9080
  QMMM:    37       37      H       11.6850    5.3870   20.4140
  QMMM:    38       38      H       13.0960    5.4470   22.3570
  QMMM:    39       39      H       12.9940    3.6810   23.9850
  QMMM:    40       40      H       11.4800    1.8320   23.6650
  QMMM:    41       41      H        5.4890   -2.0640   27.0140
  QMMM:    42       42      H       10.1900    0.9330   19.6380

--------------------------------------------------------------------------------
  RESULTS
--------------------------------------------------------------------------------

      iter         sqm energy              rms gradient
      ----    -------------------    -----------------------
xmin    10      114.1483 kcal/mol        0.9479 kcal/(mol*A)
xmin    20      113.5765 kcal/mol        0.6432 kcal/(mol*A)
xmin    30      113.4518 kcal/mol        0.0302 kcal/(mol*A)
xmin    40      113.4475 kcal/mol        0.0369 kcal/(mol*A)
xmin    50      113.4461 kcal/mol        0.0141 kcal/(mol*A)
xmin    60      113.4460 kcal/mol        0.0018 kcal/(mol*A)
xmin    70      113.4460 kcal/mol        0.0009 kcal/(mol*A)
  ... geometry converged !
 
 Final MO eigenvalues (eV):
 -42.0639  -40.6764  -40.3686  -39.5658  -37.9499  -37.8283  -37.5082  -36.9268
 -36.0205  -34.0134  -33.1977  -32.5411  -31.7265  -31.4610  -30.4808  -29.5024
 -26.3562  -25.5608  -24.9765  -24.5981  -24.1614  -23.7554  -22.7887  -22.2696
 -20.2412  -19.3840  -18.6738  -18.4587  -17.9521  -17.8095  -17.3825  -17.3658
 -16.9460  -16.7553  -16.6694  -16.0920  -15.8064  -15.4713  -15.3880  -15.2947
 -15.1271  -15.0368  -14.9247  -14.6209  -14.4576  -14.3501  -14.2431  -13.8941
 -13.6548  -13.5830  -13.4127  -13.3649  -13.2050  -13.1101  -12.9511  -12.8604
 -12.6189  -12.3956  -12.0705  -11.8439  -11.7999  -11.2725  -11.0262  -10.8863
 -10.6250  -10.3357  -10.1014   -9.7649   -9.6136   -8.8294   -1.0796   -0.7638
  -0.3730   -0.2735   -0.0691   -0.0572    0.1479    0.4126    0.8111    1.0427
   1.3793    1.4576    1.5796    1.8869    2.3341    2.3985    2.4996    2.6239
   2.8241    2.8797    3.0852    3.2138    3.2573    3.3260    3.3620    3.3921
   3.4305    3.5083    3.6323    3.6529    3.6781    3.7980    3.8168    3.8842
   3.9744    4.0759    4.1790    4.2412    4.2832    4.3336    4.4157    4.5621
   4.5792    4.6301    4.7211    4.7411    4.7988    4.8462    4.8870    4.9424
   4.9608    5.1248    5.2533    5.3549    5.3875    5.4664    6.3202    6.4247
   6.5832

 Heat of formation   =        113.44602627 kcal/mol  (        4.91938885 eV)

 Total SCF energy    =    -110907.79954759 kcal/mol  (    -4809.32307999 eV)
 Electronic energy   =    -808961.83975558 kcal/mol  (   -35079.21771630 eV)
 Core-core repulsion =     698054.04020799 kcal/mol  (    30269.89463631 eV)
 
    Atomic Charges for Step       1 :
  Atom    Element       Mulliken Charge
     1      C                 -0.058
     2      C                 -0.121
     3      C                 -0.143
     4      C                 -0.093
     5      C                 -0.014
     6      C                 -0.025
     7      C                  0.023
     8      C                 -0.105
     9      C                 -0.173
    10      C                 -0.065
    11      C                 -0.033
    12      C                 -0.173
    13      C                 -0.014
    14      C                 -0.088
    15      C                 -0.134
    16      C                 -0.103
    17      C                 -0.131
    18      C                 -0.101
    19      C                 -0.116
    20      C                 -0.010
    21      C                 -0.056
    22      C                  0.340
    23      C                  0.045
    24      N                 -0.181
    25      N                 -0.125
    26      N                 -0.033
    27      O                 -0.336
    28      Cl                -0.008
    29      Cl                -0.003
    30      H                  0.150
    31      H                  0.172
    32      H                  0.152
    33      H                  0.143
    34      H                  0.149
    35      H                  0.166
    36      H                  0.190
    37      H                  0.148
    38      H                  0.144
    39      H                  0.142
    40      H                  0.145
    41      H                  0.162
    42      H                  0.170
 Total Mulliken Charge =       0.000
 
                  X        Y        Z     TOTAL  
  QM DIPOLE     6.464    2.662    0.569    7.014
 
 Final Structure

  QMMM: QM Region Cartesian Coordinates (*=link atom) 
  QMMM: QM_NO.   MM_NO.  ATOM         X         Y         Z
  QMMM:     1        1      C        6.1495   -0.1915   25.9636
  QMMM:     2        2      C        6.8596    0.2164   24.8327
  QMMM:     3        3      C        8.1903   -0.3042   22.8164
  QMMM:     4        4      C        7.2464   -2.1063   24.2557
  QMMM:     5        5      C        9.0264    0.7728   22.8930
  QMMM:     6        6      C        8.7423   -1.2457   19.1879
  QMMM:     7        7      C       10.6530    2.3634   21.8615
  QMMM:     8        8      C        9.9158   -1.5106   18.4511
  QMMM:     9        9      C        9.8062   -2.1500   17.2180
  QMMM:    10       10      C        8.5312   -2.5160   16.7539
  QMMM:    11       11      C        7.4994   -1.6693   18.6345
  QMMM:    12       12      C        9.7605    1.2161   21.7485
  QMMM:    13       13      C       10.6412    3.4193   20.9294
  QMMM:    14       14      C       11.5227    4.5017   21.0782
  QMMM:    15       15      C       12.4090    4.5405   22.1502
  QMMM:    16       16      C       12.4200    3.5016   23.0821
  QMMM:    17       17      C       11.5504    2.4245   22.9394
  QMMM:    18       18      C        9.7336    3.4284   19.8345
  QMMM:    19       19      C        5.9807   -1.5470   26.2586
  QMMM:    20       20      C        7.4185   -0.7440   23.9759
  QMMM:    21       21      C        6.5341   -2.4947   25.3933
  QMMM:    22       22      C        8.0408   -1.0506   21.5547
  QMMM:    23       23      C        9.6164    0.5272   20.5623
  QMMM:    24       24      N        8.7989   -0.5753   20.4429
  QMMM:    25       25      N        7.3995   -2.2864   17.4473
  QMMM:    26       26      N        8.9938    3.4630   18.9368
  QMMM:    27       27      O        7.3134   -2.0468   21.4009
  QMMM:    28       28      Cl       5.4778    0.9786   26.9980
  QMMM:    29       29      Cl       6.3363   -4.1477   25.7339
  QMMM:    30       30      H        6.9708    1.2882   24.6068
  QMMM:    31       31      H        7.6558   -2.8647   23.5675
  QMMM:    32       32      H        9.1490    1.3274   23.8387
  QMMM:    33       33      H       10.9063   -1.2248   18.8365
  QMMM:    34       34      H       10.7011   -2.3684   16.6199
  QMMM:    35       35      H        8.4036   -3.0221   15.7799
  QMMM:    36       36      H        6.5510   -1.5241   19.1879
  QMMM:    37       37      H       11.5057    5.3220   20.3439
  QMMM:    38       38      H       13.0976    5.3912   22.2626
  QMMM:    39       39      H       13.1191    3.5323   23.9318
  QMMM:    40       40      H       11.5651    1.6042   23.6739
  QMMM:    41       41      H        5.4191   -1.8616   27.1518
  QMMM:    42       42      H       10.1573    0.8389   19.6464

           --------- Calculation Completed ----------

